c:\users\niraj\documents\matlab\daq\patch_clamp_amplifier\multiclampcontrol\multiclampcontrol\debug\multiclampcontrol.pch
c:\users\niraj\documents\matlab\daq\patch_clamp_amplifier\multiclampcontrol\multiclampcontrol\debug\vc140.pdb
c:\users\niraj\documents\matlab\daq\patch_clamp_amplifier\multiclampcontrol\multiclampcontrol\debug\vc140.idb
c:\users\niraj\documents\matlab\daq\patch_clamp_amplifier\multiclampcontrol\multiclampcontrol\debug\stdafx.obj
c:\users\niraj\documents\matlab\daq\patch_clamp_amplifier\multiclampcontrol\multiclampcontrol\debug\multiclampcontrol.obj
c:\users\niraj\documents\matlab\daq\patch_clamp_amplifier\multiclampcontrol\debug\multiclampcontrol.ilk
c:\users\niraj\documents\matlab\daq\patch_clamp_amplifier\multiclampcontrol\debug\multiclampcontrol.exe
c:\users\niraj\documents\matlab\daq\patch_clamp_amplifier\multiclampcontrol\debug\multiclampcontrol.pdb
c:\users\niraj\box sync\2nd revision\supplementary_material\daq\patch_clamp_amplifier\multiclampcontrol\multiclampcontrol\debug\multiclampcontrol.obj
c:\users\niraj\box sync\2nd revision\supplementary_material\daq\patch_clamp_amplifier\multiclampcontrol\multiclampcontrol\debug\stdafx.obj
c:\users\niraj\box sync\2nd revision\supplementary_material\daq\patch_clamp_amplifier\multiclampcontrol\multiclampcontrol\debug\multiclampcontrol.pch
c:\users\niraj\box sync\2nd revision\supplementary_material\daq\patch_clamp_amplifier\multiclampcontrol\multiclampcontrol\debug\vc140.idb
c:\users\niraj\box sync\2nd revision\supplementary_material\daq\patch_clamp_amplifier\multiclampcontrol\multiclampcontrol\debug\vc140.pdb
c:\users\niraj\box sync\2nd revision\supplementary_material\daq\patch_clamp_amplifier\multiclampcontrol\debug\multiclampcontrol.pdb
c:\users\niraj\box sync\2nd revision\supplementary_material\daq\patch_clamp_amplifier\multiclampcontrol\debug\multiclampcontrol.exe
c:\users\niraj\box sync\2nd revision\supplementary_material\daq\patch_clamp_amplifier\multiclampcontrol\debug\multiclampcontrol.ilk
c:\users\niraj\box sync\2nd revision\supplementary_material\daq\patch_clamp_amplifier\multiclampcontrol\multiclampcontrol\debug\multicla.3dc2fd3e.tlog\cl.command.1.tlog
c:\users\niraj\box sync\2nd revision\supplementary_material\daq\patch_clamp_amplifier\multiclampcontrol\multiclampcontrol\debug\multicla.3dc2fd3e.tlog\cl.read.1.tlog
c:\users\niraj\box sync\2nd revision\supplementary_material\daq\patch_clamp_amplifier\multiclampcontrol\multiclampcontrol\debug\multicla.3dc2fd3e.tlog\cl.write.1.tlog
c:\users\niraj\box sync\2nd revision\supplementary_material\daq\patch_clamp_amplifier\multiclampcontrol\multiclampcontrol\debug\multicla.3dc2fd3e.tlog\link.command.1.tlog
c:\users\niraj\box sync\2nd revision\supplementary_material\daq\patch_clamp_amplifier\multiclampcontrol\multiclampcontrol\debug\multicla.3dc2fd3e.tlog\link.read.1.tlog
c:\users\niraj\box sync\2nd revision\supplementary_material\daq\patch_clamp_amplifier\multiclampcontrol\multiclampcontrol\debug\multicla.3dc2fd3e.tlog\link.write.1.tlog
